<?xml version="1.0" encoding="utf-8"?><testsuites name="pytest tests"><testsuite name="pytest" errors="0" failures="0" skipped="0" tests="13" time="5.266" timestamp="2026-04-02T15:32:42.646501+00:00" hostname="agent-env-464c3c4b-939c-469f-9fc8-2b2d2ed6be98"><testcase classname="backend.tests.test_profile_selfservice.TestEmployeeLogin" name="test_employee_login_success" time="0.368" /><testcase classname="backend.tests.test_profile_selfservice.TestProfileAPI" name="test_get_profile_returns_employee_data" time="0.379" /><testcase classname="backend.tests.test_profile_selfservice.TestProfileAPI" name="test_update_profile_phone" time="0.473" /><testcase classname="backend.tests.test_profile_selfservice.TestProfileAPI" name="test_update_profile_address" time="0.579" /><testcase classname="backend.tests.test_profile_selfservice.TestProfileAPI" name="test_update_profile_emergency_contact" time="0.596" /><testcase classname="backend.tests.test_profile_selfservice.TestProfileAPI" name="test_update_profile_state_code" time="0.559" /><testcase classname="backend.tests.test_profile_selfservice.TestProfileHistoryAPI" name="test_get_profile_history_returns_arrays" time="0.471" /><testcase classname="backend.tests.test_profile_selfservice.TestProfileHistoryAPI" name="test_attendance_history_structure" time="0.382" /><testcase classname="backend.tests.test_profile_selfservice.TestProfileHistoryAPI" name="test_leaves_history_structure" time="0.380" /><testcase classname="backend.tests.test_profile_selfservice.TestProfileHistoryAPI" name="test_payrolls_history_structure" time="0.398" /><testcase classname="backend.tests.test_profile_selfservice.TestProfileHistoryAPI" name="test_leave_balance_structure" time="0.379" /><testcase classname="backend.tests.test_profile_selfservice.TestProfileAccessControl" name="test_profile_requires_authentication" time="0.109" /><testcase classname="backend.tests.test_profile_selfservice.TestProfileAccessControl" name="test_profile_history_requires_authentication" time="0.128" /></testsuite></testsuites>