<?xml version="1.0" encoding="utf-8"?><testsuites name="pytest tests"><testsuite name="pytest" errors="0" failures="0" skipped="0" tests="16" time="6.575" timestamp="2026-04-02T18:25:37.393767+00:00" hostname="agent-env-464c3c4b-939c-469f-9fc8-2b2d2ed6be98"><testcase classname="backend.tests.test_subscription_audit.TestSubscriptionEndpoints" name="test_01_login_as_hr" time="0.369" /><testcase classname="backend.tests.test_subscription_audit.TestSubscriptionEndpoints" name="test_02_get_subscription_current" time="0.389" /><testcase classname="backend.tests.test_subscription_audit.TestSubscriptionEndpoints" name="test_03_get_subscription_plans" time="0.410" /><testcase classname="backend.tests.test_subscription_audit.TestSubscriptionEndpoints" name="test_04_get_audit_logs_enterprise" time="0.428" /><testcase classname="backend.tests.test_subscription_audit.TestSubscriptionEndpoints" name="test_05_audit_logs_filter_by_action" time="0.421" /><testcase classname="backend.tests.test_subscription_audit.TestFeatureGatingMiddleware" name="test_06_payroll_accessible_on_enterprise" time="0.454" /><testcase classname="backend.tests.test_subscription_audit.TestFeatureGatingMiddleware" name="test_07_audit_logs_accessible_on_enterprise" time="0.406" /><testcase classname="backend.tests.test_subscription_audit.TestFeatureGatingMiddleware" name="test_08_recruitment_accessible_on_enterprise" time="0.425" /><testcase classname="backend.tests.test_subscription_audit.TestFeatureGatingMiddleware" name="test_09_timesheets_accessible_on_enterprise" time="0.386" /><testcase classname="backend.tests.test_subscription_audit.TestFeatureGatingMiddleware" name="test_10_projects_accessible_on_enterprise" time="0.391" /><testcase classname="backend.tests.test_subscription_audit.TestUnGatedRoutes" name="test_11_dashboard_always_accessible" time="0.394" /><testcase classname="backend.tests.test_subscription_audit.TestUnGatedRoutes" name="test_12_employees_always_accessible" time="0.410" /><testcase classname="backend.tests.test_subscription_audit.TestUnGatedRoutes" name="test_13_attendance_always_accessible" time="0.386" /><testcase classname="backend.tests.test_subscription_audit.TestUnGatedRoutes" name="test_14_leaves_always_accessible" time="0.422" /><testcase classname="backend.tests.test_subscription_audit.TestUnGatedRoutes" name="test_15_profile_always_accessible" time="0.429" /><testcase classname="backend.tests.test_subscription_audit.TestEmployeeLimitEnforcement" name="test_16_check_employee_count_vs_limit" time="0.385" /></testsuite></testsuites>