<?xml version="1.0" encoding="utf-8"?><testsuites name="pytest tests"><testsuite name="pytest" errors="0" failures="0" skipped="0" tests="12" time="6.046" timestamp="2026-04-02T18:48:33.492878+00:00" hostname="agent-env-464c3c4b-939c-469f-9fc8-2b2d2ed6be98"><testcase classname="backend.tests.test_tenant_management.TestSuperAdminLogin" name="test_super_admin_login_success" time="0.426" /><testcase classname="backend.tests.test_tenant_management.TestAdminStats" name="test_get_platform_stats" time="0.399" /><testcase classname="backend.tests.test_tenant_management.TestListTenants" name="test_list_all_tenants" time="0.390" /><testcase classname="backend.tests.test_tenant_management.TestTenantDetails" name="test_get_tenant_details" time="0.389" /><testcase classname="backend.tests.test_tenant_management.TestCreateTenant" name="test_create_new_tenant" time="0.742" /><testcase classname="backend.tests.test_tenant_management.TestCreateTenant" name="test_create_tenant_duplicate_email_fails" time="0.449" /><testcase classname="backend.tests.test_tenant_management.TestChangePlan" name="test_change_tenant_plan" time="0.619" /><testcase classname="backend.tests.test_tenant_management.TestToggleStatus" name="test_toggle_tenant_status" time="0.498" /><testcase classname="backend.tests.test_tenant_management.TestImpersonate" name="test_impersonate_org_admin" time="0.437" /><testcase classname="backend.tests.test_tenant_management.TestNonSuperAdminAccess" name="test_hr_admin_cannot_access_tenants" time="0.449" /><testcase classname="backend.tests.test_tenant_management.TestNewAdminLogin" name="test_new_admin_login_and_data_isolation" time="0.385" /><testcase classname="backend.tests.test_tenant_management.TestHRAdminDataIsolation" name="test_hr_admin_data_isolation" time="0.797" /></testsuite></testsuites>