<?xml version="1.0" encoding="utf-8"?><testsuites name="pytest tests"><testsuite name="pytest" errors="0" failures="0" skipped="0" tests="13" time="4.256" timestamp="2026-04-02T07:36:10.483445+00:00" hostname="agent-env-464c3c4b-939c-469f-9fc8-2b2d2ed6be98"><testcase classname="tests.test_new_features.TestHealthAndBasics" name="test_api_health" time="0.187" /><testcase classname="tests.test_new_features.TestHealthAndBasics" name="test_api_root" time="0.108" /><testcase classname="tests.test_new_features.TestUSPayrollStates" name="test_get_us_states" time="0.122" /><testcase classname="tests.test_new_features.TestAuthentication" name="test_hr_login" time="0.334" /><testcase classname="tests.test_new_features.TestAuthentication" name="test_employee_login" time="0.351" /><testcase classname="tests.test_new_features.TestDashboardAnalytics" name="test_dashboard_stats" time="0.376" /><testcase classname="tests.test_new_features.TestDashboardAnalytics" name="test_dashboard_analytics" time="0.379" /><testcase classname="tests.test_new_features.TestPayroll" name="test_list_payroll" time="0.404" /><testcase classname="tests.test_new_features.TestPayroll" name="test_bulk_payroll_generate" time="0.377" /><testcase classname="tests.test_new_features.TestCalendarData" name="test_attendance_list" time="0.386" /><testcase classname="tests.test_new_features.TestCalendarData" name="test_leaves_list" time="0.380" /><testcase classname="tests.test_new_features.TestEmployeeAccess" name="test_employee_dashboard_stats" time="0.377" /><testcase classname="tests.test_new_features.TestEmployeeAccess" name="test_employee_payroll" time="0.373" /></testsuite></testsuites>