<?xml version="1.0" encoding="utf-8"?><testsuites name="pytest tests"><testsuite name="pytest" errors="0" failures="0" skipped="0" tests="10" time="1.478" timestamp="2026-04-02T07:06:22.331940+00:00" hostname="agent-env-464c3c4b-939c-469f-9fc8-2b2d2ed6be98"><testcase classname="backend.tests.test_timesheet.TestTimesheetEmployeeFlow" name="test_get_projects" time="0.495" /><testcase classname="backend.tests.test_timesheet.TestTimesheetEmployeeFlow" name="test_get_week_timesheets" time="0.055" /><testcase classname="backend.tests.test_timesheet.TestTimesheetEmployeeFlow" name="test_get_all_timesheets_employee" time="0.052" /><testcase classname="backend.tests.test_timesheet.TestTimesheetAdminFlow" name="test_get_submitted_timesheets" time="0.367" /><testcase classname="backend.tests.test_timesheet.TestTimesheetAdminFlow" name="test_get_approved_timesheets" time="0.046" /><testcase classname="backend.tests.test_timesheet.TestTimesheetAdminFlow" name="test_get_employees_list" time="0.046" /><testcase classname="backend.tests.test_timesheet.TestTimesheetAdminFlow" name="test_get_projects_admin" time="0.045" /><testcase classname="backend.tests.test_timesheet.TestTimesheetApprovalWorkflow" name="test_approve_timesheet" time="0.146" /><testcase classname="backend.tests.test_timesheet.TestTimesheetDataIntegrity" name="test_timesheet_hours_calculation" time="0.047" /><testcase classname="backend.tests.test_timesheet.TestTimesheetDataIntegrity" name="test_unauthorized_access" time="0.102" /></testsuite></testsuites>